<?xml version="1.0" encoding="UTF-8"?>
<!-- Generated by org.testng.reporters.JUnitXMLReporter -->
<testsuite ignored="0" hostname="Koi" failures="0" tests="3" name="Default test" time="11.987" errors="0" timestamp="2023-03-15T19:54:50 IST">
  <testcase classname="testsPackage.EBCTrekTest" name="tc_15_EBCTrek" time="4.371"/>
  <testcase classname="testsPackage.EBCTrekTest" name="tc_16_included" time="0.35"/>
  <testcase classname="testsPackage.EBCTrekTest" name="tc_17_notIncluded" time="0.206"/>
</testsuite> <!-- Default test -->
