<?xml version="1.0" encoding="UTF-8"?>
<!-- Generated by org.testng.reporters.JUnitXMLReporter -->
<testsuite ignored="0" hostname="Koi" failures="0" tests="19" name="Command line test" time="34.223" errors="0" timestamp="2023-03-15T19:35:37 IST">
  <testcase classname="testsPackage.BespokeTest" name="tc_05_bespokeTripsButton" time="2.389"/>
  <testcase classname="testsPackage.BespokeTest" name="tc_06_tripsQuastionsStart" time="0.191"/>
  <testcase classname="testsPackage.BespokeTest" name="tc_07_tripsQuastionsOne" time="0.256"/>
  <testcase classname="testsPackage.BespokeTest" name="tc_08_tripsQuastionsTwo" time="0.253"/>
  <testcase classname="testsPackage.BespokeTest" name="tc_09_tripsQuastionsThree" time="0.25"/>
  <testcase classname="testsPackage.BespokeTest" name="tc_10_tripsQuastionsFour" time="0.251"/>
  <testcase classname="testsPackage.BespokeTest" name="tc_11_tripsQuastionsFive" time="0.249"/>
  <testcase classname="testsPackage.BespokeTest" name="tc_12_tripsQuastionsSix" time="0.234"/>
  <testcase classname="testsPackage.BespokeTest" name="tc_13_tripsQuastionsSeven" time="0.242"/>
  <testcase classname="testsPackage.BespokeTest" name="tc_14_tripsQuastionsValidation" time="0.098"/>
  <testcase classname="testsPackage.EBCTrekTest" name="tc_15_EBCTrek" time="4.133"/>
  <testcase classname="testsPackage.EBCTrekTest" name="tc_16_included" time="0.464"/>
  <testcase classname="testsPackage.EBCTrekTest" name="tc_17_notIncluded" time="0.235"/>
  <testcase classname="testsPackage.InTouchTest" name="tc_01_checkPhone" time="1.371"/>
  <testcase classname="testsPackage.InTouchTest" name="tc_02_checkEmail" time="1.194"/>
  <testcase classname="testsPackage.LoginTest" name="tc_03_loginButton" time="0.159"/>
  <testcase classname="testsPackage.LoginTest" name="tc_04_wrongLogin" time="1.038"/>
  <testcase classname="testsPackage.LoginTest" name="tc_04_wrongLogin" time="0.755"/>
  <testcase classname="testsPackage.LoginTest" name="tc_04_wrongLogin" time="0.8"/>
</testsuite> <!-- Command line test -->
