<?xml version="1.0" encoding="UTF-8" ?>
<testsuite tests="19" failures="0" name="TestSuite" time="14.719" errors="0" skipped="0">
  <properties>
[...]
</properties>
  <testcase classname="testsPackage.BespokeTest" name="tc_05_bespokeTripsButton" time="2.492"/>
  <testcase classname="testsPackage.BespokeTest" name="tc_06_tripsQuastionsStart" time="0.197"/>
  <testcase classname="testsPackage.BespokeTest" name="tc_07_tripsQuastionsOne" time="0.257"/>
  <testcase classname="testsPackage.BespokeTest" name="tc_08_tripsQuastionsTwo" time="0.255"/>
  <testcase classname="testsPackage.BespokeTest" name="tc_09_tripsQuastionsThree" time="0.252"/>
  <testcase classname="testsPackage.BespokeTest" name="tc_10_tripsQuastionsFour" time="0.252"/>
  <testcase classname="testsPackage.BespokeTest" name="tc_11_tripsQuastionsFive" time="0.254"/>
  <testcase classname="testsPackage.BespokeTest" name="tc_12_tripsQuastionsSix" time="0.237"/>
  <testcase classname="testsPackage.BespokeTest" name="tc_13_tripsQuastionsSeven" time="0.244"/>
  <testcase classname="testsPackage.BespokeTest" name="tc_14_tripsQuastionsValidation" time="0.099"/>
  <testcase classname="testsPackage.EBCTrekTest" name="tc_15_EBCTrek" time="4.136"/>
  <testcase classname="testsPackage.EBCTrekTest" name="tc_16_included" time="0.466"/>
  <testcase classname="testsPackage.EBCTrekTest" name="tc_17_notIncluded" time="0.237"/>
  <testcase classname="testsPackage.InTouchTest" name="tc_01_checkPhone" time="1.375"/>
  <testcase classname="testsPackage.InTouchTest" name="tc_02_checkEmail" time="1.196"/>
  <testcase classname="testsPackage.LoginTest" name="tc_03_loginButton" time="0.169"/>
  <testcase classname="testsPackage.LoginTest" name="tc_04_wrongLogin" time="1.042"/>
  <testcase classname="testsPackage.LoginTest" name="tc_04_wrongLogin" time="0.757"/>
  <testcase classname="testsPackage.LoginTest" name="tc_04_wrongLogin" time="0.802"/>
</testsuite>