<?xml version="1.0" encoding="UTF-8"?>
<testng-results ignored="0" total="3" passed="3" failed="0" skipped="0">
  <reporter-output>
  </reporter-output>
  <suite started-at="2023-03-15T19:54:38 IST" name="Default suite" finished-at="2023-03-15T19:54:50 IST" duration-ms="11987">
    <groups>
    </groups>
    <test started-at="2023-03-15T19:54:38 IST" name="Default test" finished-at="2023-03-15T19:54:50 IST" duration-ms="11987">
      <class name="testsPackage.EBCTrekTest">
        <test-method is-config="true" signature="setup()[pri:0, instance:testsPackage.EBCTrekTest@1aa99005]" started-at="2023-03-15T19:54:38 IST" name="setup" finished-at="2023-03-15T19:54:44 IST" duration-ms="6645" status="PASS">
          <reporter-output>
          </reporter-output>
        </test-method> <!-- setup -->
        <test-method signature="tc_15_EBCTrek()[pri:0, instance:testsPackage.EBCTrekTest@1aa99005]" started-at="2023-03-15T19:54:44 IST" name="tc_15_EBCTrek" description="EBC Trek selection" finished-at="2023-03-15T19:54:49 IST" duration-ms="4371" status="PASS">
          <reporter-output>
          </reporter-output>
        </test-method> <!-- tc_15_EBCTrek -->
        <test-method signature="tc_16_included()[pri:0, instance:testsPackage.EBCTrekTest@1aa99005]" started-at="2023-03-15T19:54:49 IST" name="tc_16_included" description="List of what&#039;s included" finished-at="2023-03-15T19:54:49 IST" duration-ms="350" status="PASS">
          <reporter-output>
          </reporter-output>
        </test-method> <!-- tc_16_included -->
        <test-method signature="tc_17_notIncluded()[pri:0, instance:testsPackage.EBCTrekTest@1aa99005]" started-at="2023-03-15T19:54:49 IST" name="tc_17_notIncluded" description="List of what&#039;s not included" finished-at="2023-03-15T19:54:49 IST" duration-ms="206" status="PASS">
          <reporter-output>
          </reporter-output>
        </test-method> <!-- tc_17_notIncluded -->
        <test-method is-config="true" signature="tearDown()[pri:0, instance:testsPackage.EBCTrekTest@1aa99005]" started-at="2023-03-15T19:54:49 IST" name="tearDown" finished-at="2023-03-15T19:54:50 IST" duration-ms="235" status="PASS">
          <reporter-output>
          </reporter-output>
        </test-method> <!-- tearDown -->
      </class> <!-- testsPackage.EBCTrekTest -->
    </test> <!-- Default test -->
  </suite> <!-- Default suite -->
</testng-results>
